<?xml version="1.0" encoding="UTF-8"?>
<!-- Generated by org.testng.reporters.JUnitReportReporter -->
<testsuite skipped="0" hostname="DESKTOP-UNBODTK" name="testCases.TC_008_ProductDisplayPage" tests="1" failures="0" timestamp="2022-04-12T19:33:38 IST" time="26.480" errors="0">
  <testcase name="test_ProductDisplayPage" time="26.480" classname="testCases.TC_008_ProductDisplayPage"/>
  <system-out/>
</testsuite> <!-- testCases.TC_008_ProductDisplayPage -->
