<?xml version="1.0" encoding="UTF-8"?>
<!-- Generated by org.testng.reporters.JUnitReportReporter -->
<testsuite skipped="0" hostname="DESKTOP-UNBODTK" name="testCases.TC_0020_RecurringPayments" tests="1" failures="0" timestamp="2022-04-17T16:18:10 IST" time="15.124" errors="0">
  <testcase name="test_RecurringPayment" time="15.124" classname="testCases.TC_0020_RecurringPayments"/>
  <system-out/>
</testsuite> <!-- testCases.TC_0020_RecurringPayments -->
