<?xml version="1.0" encoding="UTF-8"?>
<!-- Generated by org.testng.reporters.JUnitReportReporter -->
<testsuite skipped="0" hostname="DESKTOP-UNBODTK" name="testCases.TC_0025_HeaderFooterMenuOptions" tests="1" failures="0" timestamp="2022-04-18T13:29:35 IST" time="17.158" errors="0">
  <testcase name="test_HeaderFooterMenuOptions" time="17.158" classname="testCases.TC_0025_HeaderFooterMenuOptions"/>
  <system-out/>
</testsuite> <!-- testCases.TC_0025_HeaderFooterMenuOptions -->
