<?xml version="1.0" encoding="UTF-8"?>
<!-- Generated by org.testng.reporters.JUnitReportReporter -->
<testsuite skipped="0" hostname="DESKTOP-UNBODTK" name="testCases.TC_003_LoginDDT" tests="4" failures="0" timestamp="2022-04-02T17:53:04 IST" time="58.677" errors="0">
  <testcase name="testLoginDDT" time="13.260" classname="testCases.TC_003_LoginDDT"/>
  <system-out/>
  <testcase name="testLoginDDT" time="15.155" classname="testCases.TC_003_LoginDDT"/>
  <system-out/>
  <testcase name="testLoginDDT" time="15.136" classname="testCases.TC_003_LoginDDT"/>
  <system-out/>
  <testcase name="testLoginDDT" time="15.126" classname="testCases.TC_003_LoginDDT"/>
  <system-out/>
</testsuite> <!-- testCases.TC_003_LoginDDT -->
