<?xml version="1.0" encoding="UTF-8"?>
<!-- Generated by org.testng.reporters.JUnitReportReporter -->
<testsuite skipped="0" hostname="DESKTOP-UNBODTK" name="testCases.TC_002_Login" tests="1" failures="0" timestamp="2022-04-08T12:10:39 IST" time="33.044" errors="0">
  <testcase name="test_Login" time="33.044" classname="testCases.TC_002_Login"/>
  <system-out/>
</testsuite> <!-- testCases.TC_002_Login -->
