<?xml version="1.0" encoding="UTF-8"?>
<!-- Generated by org.testng.reporters.JUnitReportReporter -->
<testsuite skipped="0" hostname="DESKTOP-UNBODTK" name="testCases.TC_0016_OrderHistory" tests="1" failures="0" timestamp="2022-04-16T20:59:55 IST" time="19.896" errors="0">
  <testcase name="test_OrderHistory" time="19.896" classname="testCases.TC_0016_OrderHistory"/>
  <system-out/>
</testsuite> <!-- testCases.TC_0016_OrderHistory -->
