<?xml version="1.0" encoding="UTF-8"?>
<!-- Generated by org.testng.reporters.JUnitReportReporter -->
<testsuite skipped="0" hostname="DESKTOP-UNBODTK" name="testCases.TC_0012_MyAccount" tests="1" failures="0" timestamp="2022-04-15T19:03:41 IST" time="39.613" errors="0">
  <testcase name="test_MyAccount" time="39.613" classname="testCases.TC_0012_MyAccount"/>
  <system-out/>
</testsuite> <!-- testCases.TC_0012_MyAccount -->
