<?xml version="1.0" encoding="UTF-8"?>
<!-- Generated by org.testng.reporters.JUnitReportReporter -->
<testsuite skipped="0" hostname="DESKTOP-UNBODTK" name="testCases.TC_001_AccountRegistration" tests="1" failures="0" timestamp="2022-04-03T17:17:59 IST" time="10.117" errors="0">
  <testcase name="test_account_Registration" time="10.117" classname="testCases.TC_001_AccountRegistration"/>
  <system-out/>
</testsuite> <!-- testCases.TC_001_AccountRegistration -->
