<?xml version="1.0" encoding="UTF-8"?>
<!-- Generated by org.testng.reporters.JUnitReportReporter -->
<testsuite skipped="0" hostname="DESKTOP-UNBODTK" name="testCases.TC_0021_NewsLetter" tests="1" failures="0" timestamp="2022-04-17T16:50:34 IST" time="19.432" errors="0">
  <testcase name="test_NewsLetter" time="19.432" classname="testCases.TC_0021_NewsLetter"/>
  <system-out/>
</testsuite> <!-- testCases.TC_0021_NewsLetter -->
