<?xml version="1.0" encoding="UTF-8"?>
<!-- Generated by org.testng.reporters.JUnitReportReporter -->
<testsuite skipped="0" hostname="DESKTOP-UNBODTK" name="testCases.TC_007_WishList" tests="1" failures="0" timestamp="2022-04-12T16:59:20 IST" time="39.587" errors="0">
  <testcase name="test_WishList" time="39.587" classname="testCases.TC_007_WishList"/>
  <system-out/>
</testsuite> <!-- testCases.TC_007_WishList -->
