<?xml version="1.0" encoding="UTF-8"?>
<!-- Generated by org.testng.reporters.JUnitReportReporter -->
<testsuite skipped="0" hostname="DESKTOP-UNBODTK" name="testCases.TC_009_ForgotPassword" tests="1" failures="0" timestamp="2022-04-14T13:08:23 IST" time="23.545" errors="0">
  <testcase name="test_ForgotPassword" time="23.545" classname="testCases.TC_009_ForgotPassword"/>
  <system-out/>
</testsuite> <!-- testCases.TC_009_ForgotPassword -->
