<?xml version="1.0" encoding="UTF-8"?>
<!-- Generated by org.testng.reporters.JUnitReportReporter -->
<testsuite skipped="0" hostname="DESKTOP-UNBODTK" name="testCases.TC_0023_ContactUs" tests="1" failures="0" timestamp="2022-04-18T12:42:19 IST" time="22.655" errors="0">
  <testcase name="test_ContactUs" time="22.655" classname="testCases.TC_0023_ContactUs"/>
  <system-out/>
</testsuite> <!-- testCases.TC_0023_ContactUs -->
