<?xml version="1.0" encoding="UTF-8"?>
<!-- Generated by org.testng.reporters.JUnitReportReporter -->
<testsuite skipped="0" hostname="DESKTOP-UNBODTK" name="testCases.TC_006_ProductCompare" tests="1" failures="0" timestamp="2022-04-11T18:11:39 IST" time="16.439" errors="0">
  <testcase name="test_ProductCompare" time="16.439" classname="testCases.TC_006_ProductCompare"/>
  <system-out/>
</testsuite> <!-- testCases.TC_006_ProductCompare -->
