<?xml version="1.0" encoding="UTF-8"?>
<!-- Generated by org.testng.reporters.JUnitReportReporter -->
<testsuite skipped="0" hostname="DESKTOP-UNBODTK" name="testCases.TC_0010_ShoppingCart" tests="1" failures="0" timestamp="2022-04-15T12:14:00 IST" time="45.270" errors="0">
  <testcase name="test_shopCart" time="45.270" classname="testCases.TC_0010_ShoppingCart"/>
  <system-out/>
</testsuite> <!-- testCases.TC_0010_ShoppingCart -->
