<?xml version="1.0" encoding="UTF-8"?>
<!-- Generated by org.testng.reporters.JUnitReportReporter -->
<testsuite skipped="0" hostname="DESKTOP-UNBODTK" name="testCases.TC_0024_SpecialOffers" tests="1" failures="0" timestamp="2022-04-18T13:13:11 IST" time="26.112" errors="0">
  <testcase name="test_SpecialOffers" time="26.112" classname="testCases.TC_0024_SpecialOffers"/>
  <system-out/>
</testsuite> <!-- testCases.TC_0024_SpecialOffers -->
