<?xml version="1.0" encoding="UTF-8"?>
<!-- Generated by org.testng.reporters.JUnitReportReporter -->
<testsuite skipped="0" hostname="DESKTOP-UNBODTK" name="testCases.TC_0015_AddressBook" tests="1" failures="0" timestamp="2022-04-16T20:33:53 IST" time="24.581" errors="0">
  <testcase name="test_Addressbook" time="24.581" classname="testCases.TC_0015_AddressBook"/>
  <system-out/>
</testsuite> <!-- testCases.TC_0015_AddressBook -->
