<?xml version="1.0" encoding="UTF-8"?>
<!-- Generated by org.testng.reporters.JUnitReportReporter -->
<testsuite skipped="0" hostname="DESKTOP-UNBODTK" name="testCases.TC_0022_Affiliate" tests="1" failures="0" timestamp="2022-04-17T17:34:44 IST" time="29.359" errors="0">
  <testcase name="test_Affiliate" time="29.359" classname="testCases.TC_0022_Affiliate"/>
  <system-out/>
</testsuite> <!-- testCases.TC_0022_Affiliate -->
