<?xml version="1.0" encoding="UTF-8"?>
<!-- Generated by org.testng.reporters.JUnitReportReporter -->
<testsuite skipped="0" hostname="DESKTOP-UNBODTK" name="testCases.TC_0018_Returns" tests="1" failures="0" timestamp="2022-04-17T15:45:14 IST" time="19.468" errors="0">
  <testcase name="test_Returns" time="19.468" classname="testCases.TC_0018_Returns"/>
  <system-out/>
</testsuite> <!-- testCases.TC_0018_Returns -->
