<?xml version="1.0" encoding="UTF-8"?>
<!-- Generated by org.testng.reporters.JUnitReportReporter -->
<testsuite skipped="0" hostname="DESKTOP-UNBODTK" name="testCases.TC_0014_ChangePassword" tests="1" failures="0" timestamp="2022-04-16T17:10:31 IST" time="24.973" errors="0">
  <testcase name="test_ChangePwd" time="24.973" classname="testCases.TC_0014_ChangePassword"/>
  <system-out/>
</testsuite> <!-- testCases.TC_0014_ChangePassword -->
