<?xml version="1.0" encoding="UTF-8"?>
<!-- Generated by org.testng.reporters.JUnitReportReporter -->
<testsuite skipped="0" hostname="DESKTOP-UNBODTK" name="testCases.TC_0013_MyAccountInformation" tests="1" failures="0" timestamp="2022-04-16T16:28:20 IST" time="32.287" errors="0">
  <testcase name="test_MyAccountInfo" time="32.287" classname="testCases.TC_0013_MyAccountInformation"/>
  <system-out/>
</testsuite> <!-- testCases.TC_0013_MyAccountInformation -->
