<?xml version="1.0" encoding="UTF-8"?>
<!-- Generated by org.testng.reporters.JUnitReportReporter -->
<testsuite skipped="0" hostname="DESKTOP-UNBODTK" name="testCases.TC_0017_RewardPoints" tests="1" failures="0" timestamp="2022-04-17T15:21:02 IST" time="24.094" errors="0">
  <testcase name="test_rewardpoints" time="24.094" classname="testCases.TC_0017_RewardPoints"/>
  <system-out/>
</testsuite> <!-- testCases.TC_0017_RewardPoints -->
