<?xml version="1.0" encoding="UTF-8"?>
<!-- Generated by org.testng.reporters.JUnitReportReporter -->
<testsuite skipped="0" hostname="DESKTOP-UNBODTK" name="testCases.TC_0019_Transections" tests="1" failures="0" timestamp="2022-04-17T16:07:42 IST" time="22.086" errors="0">
  <testcase name="test_Transections" time="22.086" classname="testCases.TC_0019_Transections"/>
  <system-out/>
</testsuite> <!-- testCases.TC_0019_Transections -->
