<?xml version="1.0" encoding="UTF-8"?>
<!-- Generated by org.testng.reporters.JUnitReportReporter -->
<testsuite skipped="0" hostname="DESKTOP-UNBODTK" name="testCases.TC_0026_GiftCertificates" tests="1" failures="0" timestamp="2022-04-18T16:21:26 IST" time="23.039" errors="0">
  <testcase name="test_GiftCertificates" time="23.039" classname="testCases.TC_0026_GiftCertificates"/>
  <system-out/>
</testsuite> <!-- testCases.TC_0026_GiftCertificates -->
