<?xml version="1.0" encoding="UTF-8"?>
<!-- Generated by org.testng.reporters.JUnitReportReporter -->
<testsuite skipped="0" hostname="DESKTOP-UNBODTK" name="testCases.TC_0027_Currency" tests="1" failures="0" timestamp="2022-04-23T22:01:36 IST" time="17.492" errors="0">
  <testcase name="test_Currency" time="17.492" classname="testCases.TC_0027_Currency"/>
  <system-out/>
</testsuite> <!-- testCases.TC_0027_Currency -->
